#
# There is insufficient memory for the Java Runtime Environment to continue.
# Native memory allocation (malloc) failed to allocate 1219376 bytes for Chunk::new
# Possible reasons:
#   The system is out of physical RAM or swap space
#   The process is running with CompressedOops enabled, and the Java Heap may be blocking the growth of the native heap
# Possible solutions:
#   Reduce memory load on the system
#   Increase physical memory or swap space
#   Check if swap backing store is full
#   Decrease Java heap size (-Xmx/-Xms)
#   Decrease number of Java threads
#   Decrease Java thread stack sizes (-Xss)
#   Set larger code cache with -XX:ReservedCodeCacheSize=
#   JVM is running with Zero Based Compressed Oops mode in which the Java heap is
#     placed in the first 32GB address space. The Java Heap base address is the
#     maximum limit for the native heap growth. Please use -XX:HeapBaseMinAddress
#     to set the Java Heap base and to place the Java Heap above 32GB virtual address.
# This output file may be truncated or incomplete.
#
#  Out of Memory Error (./src/hotspot/share/memory/arena.cpp:197), pid=17212, tid=6616
#
# JRE version: OpenJDK Runtime Environment (11.0.11+9) (build 11.0.11+9-b60-7590822)
# Java VM: OpenJDK 64-Bit Server VM (11.0.11+9-b60-7590822, mixed mode, tiered, compressed oops, g1 gc, windows-amd64)
# No core dump will be written. Minidumps are not enabled by default on client versions of Windows
#

---------------  S U M M A R Y ------------

Command Line: org.jetbrains.kotlin.cli.jvm.K2JVMCompiler @F:\Development\Devoloper\Project\Android\Retrofit\app\build\20220316_10761092045432236317.compiler.options

Host: Intel(R) Core(TM) i5-8250U CPU @ 1.60GHz, 8 cores, 11G,  Windows 10 , 64 bit Build 22000 (10.0.22000.434)
Time: Wed Mar 16 21:43:29 2022 RTZ 2 (зима) elapsed time: 8.584742 seconds (0d 0h 0m 8s)

---------------  T H R E A D  ---------------

Current thread (0x0000021920e79800):  JavaThread "C2 CompilerThread2" daemon [_thread_in_native, id=6616, stack(0x0000007aba600000,0x0000007aba700000)]


Current CompileTask:
C2:   8584 9904       4       org.jetbrains.kotlin.descriptors.impl.FunctionDescriptorImpl::getSubstitutedValueParameters (270 bytes)

Stack: [0x0000007aba600000,0x0000007aba700000]
Native frames: (J=compiled Java code, j=interpreted, Vv=VM code, C=native code)
V  [jvm.dll+0x5f214a]
V  [jvm.dll+0x726fb5]
V  [jvm.dll+0x7285cd]
V  [jvm.dll+0x728c83]
V  [jvm.dll+0x243278]
V  [jvm.dll+0xbc53c]
V  [jvm.dll+0xbca3c]
V  [jvm.dll+0x353e3b]
V  [jvm.dll+0x321893]
V  [jvm.dll+0x320d8a]
V  [jvm.dll+0x1fc1e2]
V  [jvm.dll+0x1fb3d4]
V  [jvm.dll+0x183d6c]
V  [jvm.dll+0x209a57]
V  [jvm.dll+0x2082a1]
V  [jvm.dll+0x6ef58f]
V  [jvm.dll+0x6e80b5]
V  [jvm.dll+0x5f1036]
C  [ucrtbase.dll+0x26c0c]
C  [KERNEL32.DLL+0x154e0]
C  [ntdll.dll+0x485b]


---------------  P R O C E S S  ---------------

Threads class SMR info:
_java_thread_list=0x0000021920e15cc0, length=12, elements={
0x000002197fbbf000, 0x000002191e9c7000, 0x000002191e9f0800, 0x000002191ea47000,
0x000002191ea48000, 0x000002191ea4b000, 0x000002191ea50800, 0x000002191ea51800,
0x000002191ea53000, 0x000002191ebbe000, 0x0000021920b43000, 0x0000021920e79800
}

Java Threads: ( => current thread )
  0x000002197fbbf000 JavaThread "main" [_thread_in_Java, id=8356, stack(0x0000007ab9400000,0x0000007ab9500000)]
  0x000002191e9c7000 JavaThread "Reference Handler" daemon [_thread_blocked, id=2780, stack(0x0000007ab9b00000,0x0000007ab9c00000)]
  0x000002191e9f0800 JavaThread "Finalizer" daemon [_thread_blocked, id=2060, stack(0x0000007ab9c00000,0x0000007ab9d00000)]
  0x000002191ea47000 JavaThread "Signal Dispatcher" daemon [_thread_blocked, id=5280, stack(0x0000007ab9d00000,0x0000007ab9e00000)]
  0x000002191ea48000 JavaThread "Attach Listener" daemon [_thread_blocked, id=3692, stack(0x0000007ab9e00000,0x0000007ab9f00000)]
  0x000002191ea4b000 JavaThread "Service Thread" daemon [_thread_blocked, id=424, stack(0x0000007ab9f00000,0x0000007aba000000)]
  0x000002191ea50800 JavaThread "C2 CompilerThread0" daemon [_thread_in_native, id=10672, stack(0x0000007aba000000,0x0000007aba100000)]
  0x000002191ea51800 JavaThread "C1 CompilerThread0" daemon [_thread_blocked, id=3196, stack(0x0000007aba100000,0x0000007aba200000)]
  0x000002191ea53000 JavaThread "Sweeper thread" daemon [_thread_blocked, id=4660, stack(0x0000007aba200000,0x0000007aba300000)]
  0x000002191ebbe000 JavaThread "Common-Cleaner" daemon [_thread_blocked, id=7888, stack(0x0000007aba400000,0x0000007aba500000)]
  0x0000021920b43000 JavaThread "C2 CompilerThread1" daemon [_thread_in_native, id=16652, stack(0x0000007aba500000,0x0000007aba600000)]
=>0x0000021920e79800 JavaThread "C2 CompilerThread2" daemon [_thread_in_native, id=6616, stack(0x0000007aba600000,0x0000007aba700000)]

Other Threads:
  0x000002191e9c4800 VMThread "VM Thread" [stack: 0x0000007ab9a00000,0x0000007ab9b00000] [id=7664]
  0x000002191ebb6000 WatcherThread [stack: 0x0000007aba300000,0x0000007aba400000] [id=14844]
  0x000002197fbd7000 GCTaskThread "GC Thread#0" [stack: 0x0000007ab9500000,0x0000007ab9600000] [id=8188]
  0x000002191f34d800 GCTaskThread "GC Thread#1" [stack: 0x0000007aba700000,0x0000007aba800000] [id=16224]
  0x000002191f34b000 GCTaskThread "GC Thread#2" [stack: 0x0000007aba800000,0x0000007aba900000] [id=772]
  0x000002191f34b800 GCTaskThread "GC Thread#3" [stack: 0x0000007aba900000,0x0000007abaa00000] [id=10180]
  0x0000021923603800 GCTaskThread "GC Thread#4" [stack: 0x0000007abad00000,0x0000007abae00000] [id=17364]
  0x000002197fc1c800 ConcurrentGCThread "G1 Main Marker" [stack: 0x0000007ab9600000,0x0000007ab9700000] [id=4948]
  0x000002197fc1e800 ConcurrentGCThread "G1 Conc#0" [stack: 0x0000007ab9700000,0x0000007ab9800000] [id=5680]
  0x000002191f3ee800 ConcurrentGCThread "G1 Conc#1" [stack: 0x0000007abaa00000,0x0000007abab00000] [id=6080]
  0x000002191e01e800 ConcurrentGCThread "G1 Refine#0" [stack: 0x0000007ab9800000,0x0000007ab9900000] [id=17284]
  0x000002191ff2c000 ConcurrentGCThread "G1 Refine#1" [stack: 0x0000007abab00000,0x0000007abac00000] [id=14648]
  0x000002191f6c6000 ConcurrentGCThread "G1 Refine#2" [stack: 0x0000007abac00000,0x0000007abad00000] [id=13832]
  0x000002191e01f800 ConcurrentGCThread "G1 Young RemSet Sampling" [stack: 0x0000007ab9900000,0x0000007ab9a00000] [id=16468]

Threads with active compile tasks:
C2 CompilerThread0   8603 9922       4       org.jetbrains.kotlin.backend.common.serialization.mangle.descriptor.DescriptorMangleComputer::mangleType (553 bytes)
C2 CompilerThread1   8603 9930       4       org.jetbrains.kotlin.types.TypeUtils::contains (336 bytes)
C2 CompilerThread2   8603 9904       4       org.jetbrains.kotlin.descriptors.impl.FunctionDescriptorImpl::getSubstitutedValueParameters (270 bytes)

VM state:not at safepoint (normal execution)

VM Mutex/Monitor currently owned by a thread: None

Heap address: 0x0000000742600000, size: 3034 MB, Compressed Oops mode: Zero based, Oop shift amount: 3
Narrow klass base: 0x0000000800000000, Narrow klass shift: 0
Compressed class space size: 1073741824 Address: 0x0000000800000000

Heap:
 garbage-first heap   total 233472K, used 59461K [0x0000000742600000, 0x0000000800000000)
  region size 1024K, 15 young (15360K), 10 survivors (10240K)
 Metaspace       used 68678K, capacity 69482K, committed 69588K, reserved 1112064K
  class space    used 7596K, capacity 7916K, committed 7936K, reserved 1048576K
Heap Regions: E=young(eden), S=young(survivor), O=old, HS=humongous(starts), HC=humongous(continues), CS=collection set, F=free, A=archive, TAMS=top-at-mark-start (previous, next)
|   0|0x0000000742600000, 0x0000000742700000, 0x0000000742700000|100%|HS|  |TAMS 0x0000000742700000, 0x0000000742600000| Complete 
|   1|0x0000000742700000, 0x0000000742800000, 0x0000000742800000|100%|HC|  |TAMS 0x0000000742800000, 0x0000000742700000| Complete 
|   2|0x0000000742800000, 0x0000000742900000, 0x0000000742900000|100%|HC|  |TAMS 0x0000000742900000, 0x0000000742800000| Complete 
|   3|0x0000000742900000, 0x0000000742a00000, 0x0000000742a00000|100%|HS|  |TAMS 0x0000000742a00000, 0x0000000742900000| Complete 
|   4|0x0000000742a00000, 0x0000000742b00000, 0x0000000742b00000|100%|HC|  |TAMS 0x0000000742b00000, 0x0000000742a00000| Complete 
|   5|0x0000000742b00000, 0x0000000742c00000, 0x0000000742c00000|100%|HC|  |TAMS 0x0000000742c00000, 0x0000000742b00000| Complete 
|   6|0x0000000742c00000, 0x0000000742d00000, 0x0000000742d00000|100%|HS|  |TAMS 0x0000000742d00000, 0x0000000742c00000| Complete 
|   7|0x0000000742d00000, 0x0000000742e00000, 0x0000000742e00000|100%|HC|  |TAMS 0x0000000742e00000, 0x0000000742d00000| Complete 
|   8|0x0000000742e00000, 0x0000000742f00000, 0x0000000742f00000|100%| O|  |TAMS 0x0000000742f00000, 0x0000000742e00000| Untracked 
|   9|0x0000000742f00000, 0x0000000743000000, 0x0000000743000000|100%| O|  |TAMS 0x0000000743000000, 0x0000000742f00000| Untracked 
|  10|0x0000000743000000, 0x0000000743100000, 0x0000000743100000|100%| O|  |TAMS 0x0000000743100000, 0x0000000743000000| Untracked 
|  11|0x0000000743100000, 0x0000000743200000, 0x0000000743200000|100%| O|  |TAMS 0x0000000743200000, 0x0000000743100000| Untracked 
|  12|0x0000000743200000, 0x0000000743300000, 0x0000000743300000|100%| O|  |TAMS 0x0000000743300000, 0x0000000743200000| Untracked 
|  13|0x0000000743300000, 0x0000000743400000, 0x0000000743400000|100%| O|  |TAMS 0x0000000743400000, 0x0000000743300000| Untracked 
|  14|0x0000000743400000, 0x0000000743500000, 0x0000000743500000|100%| O|  |TAMS 0x0000000743500000, 0x0000000743400000| Untracked 
|  15|0x0000000743500000, 0x0000000743600000, 0x0000000743600000|100%| O|  |TAMS 0x0000000743600000, 0x0000000743500000| Untracked 
|  16|0x0000000743600000, 0x0000000743700000, 0x0000000743700000|100%| O|  |TAMS 0x0000000743700000, 0x0000000743600000| Untracked 
|  17|0x0000000743700000, 0x0000000743800000, 0x0000000743800000|100%| O|  |TAMS 0x0000000743800000, 0x0000000743700000| Untracked 
|  18|0x0000000743800000, 0x0000000743900000, 0x0000000743900000|100%| O|  |TAMS 0x0000000743900000, 0x0000000743800000| Untracked 
|  19|0x0000000743900000, 0x0000000743a00000, 0x0000000743a00000|100%| O|  |TAMS 0x0000000743a00000, 0x0000000743900000| Untracked 
|  20|0x0000000743a00000, 0x0000000743b00000, 0x0000000743b00000|100%| O|  |TAMS 0x0000000743b00000, 0x0000000743a00000| Untracked 
|  21|0x0000000743b00000, 0x0000000743c00000, 0x0000000743c00000|100%| O|  |TAMS 0x0000000743c00000, 0x0000000743b00000| Untracked 
|  22|0x0000000743c00000, 0x0000000743d00000, 0x0000000743d00000|100%| O|  |TAMS 0x0000000743d00000, 0x0000000743c00000| Untracked 
|  23|0x0000000743d00000, 0x0000000743e00000, 0x0000000743e00000|100%| O|  |TAMS 0x0000000743e00000, 0x0000000743d00000| Untracked 
|  24|0x0000000743e00000, 0x0000000743f00000, 0x0000000743f00000|100%| O|  |TAMS 0x0000000743f00000, 0x0000000743e00000| Untracked 
|  25|0x0000000743f00000, 0x0000000744000000, 0x0000000744000000|100%| O|  |TAMS 0x0000000744000000, 0x0000000743f00000| Untracked 
|  26|0x0000000744000000, 0x0000000744100000, 0x0000000744100000|100%| O|  |TAMS 0x0000000744100000, 0x0000000744000000| Untracked 
|  27|0x0000000744100000, 0x0000000744200000, 0x0000000744200000|100%| O|  |TAMS 0x0000000744200000, 0x0000000744100000| Untracked 
|  28|0x0000000744200000, 0x0000000744300000, 0x0000000744300000|100%| O|  |TAMS 0x0000000744300000, 0x0000000744200000| Untracked 
|  29|0x0000000744300000, 0x0000000744400000, 0x0000000744400000|100%| O|  |TAMS 0x0000000744400000, 0x0000000744300000| Untracked 
|  30|0x0000000744400000, 0x0000000744500000, 0x0000000744500000|100%| O|  |TAMS 0x0000000744500000, 0x0000000744400000| Untracked 
|  31|0x0000000744500000, 0x0000000744600000, 0x0000000744600000|100%| O|  |TAMS 0x0000000744600000, 0x0000000744500000| Untracked 
|  32|0x0000000744600000, 0x0000000744700000, 0x0000000744700000|100%| O|  |TAMS 0x0000000744700000, 0x0000000744600000| Untracked 
|  33|0x0000000744700000, 0x0000000744800000, 0x0000000744800000|100%| O|  |TAMS 0x0000000744800000, 0x0000000744700000| Untracked 
|  34|0x0000000744800000, 0x0000000744900000, 0x0000000744900000|100%| O|  |TAMS 0x0000000744900000, 0x0000000744800000| Untracked 
|  35|0x0000000744900000, 0x0000000744a00000, 0x0000000744a00000|100%| O|  |TAMS 0x000000074497e200, 0x0000000744900000| Untracked 
|  36|0x0000000744a00000, 0x0000000744b00000, 0x0000000744b00000|100%| O|  |TAMS 0x0000000744a00000, 0x0000000744a00000| Untracked 
|  37|0x0000000744b00000, 0x0000000744c00000, 0x0000000744c00000|100%| O|  |TAMS 0x0000000744b00000, 0x0000000744b00000| Untracked 
|  38|0x0000000744c00000, 0x0000000744d00000, 0x0000000744d00000|100%| O|  |TAMS 0x0000000744c00000, 0x0000000744c00000| Untracked 
|  39|0x0000000744d00000, 0x0000000744e00000, 0x0000000744e00000|100%| O|  |TAMS 0x0000000744d00000, 0x0000000744d00000| Untracked 
|  40|0x0000000744e00000, 0x0000000744f00000, 0x0000000744f00000|100%| O|  |TAMS 0x0000000744e00000, 0x0000000744e00000| Untracked 
|  41|0x0000000744f00000, 0x0000000745000000, 0x0000000745000000|100%| O|  |TAMS 0x0000000744f00000, 0x0000000744f00000| Untracked 
|  42|0x0000000745000000, 0x0000000745100000, 0x0000000745100000|100%| O|  |TAMS 0x0000000745000000, 0x0000000745000000| Untracked 
|  43|0x0000000745100000, 0x0000000745200000, 0x0000000745200000|100%| O|  |TAMS 0x0000000745100000, 0x0000000745100000| Untracked 
|  44|0x0000000745200000, 0x00000007452b6600, 0x0000000745300000| 71%| O|  |TAMS 0x0000000745200000, 0x0000000745200000| Untracked 
|  45|0x0000000745300000, 0x0000000745300000, 0x0000000745400000|  0%| F|  |TAMS 0x0000000745300000, 0x0000000745300000| Untracked 
|  46|0x0000000745400000, 0x0000000745400000, 0x0000000745500000|  0%| F|  |TAMS 0x0000000745400000, 0x0000000745400000| Untracked 
|  47|0x0000000745500000, 0x0000000745500000, 0x0000000745600000|  0%| F|  |TAMS 0x0000000745500000, 0x0000000745500000| Untracked 
|  48|0x0000000745600000, 0x0000000745600000, 0x0000000745700000|  0%| F|  |TAMS 0x0000000745600000, 0x0000000745600000| Untracked 
|  49|0x0000000745700000, 0x0000000745700000, 0x0000000745800000|  0%| F|  |TAMS 0x0000000745700000, 0x0000000745700000| Untracked 
|  50|0x0000000745800000, 0x0000000745800000, 0x0000000745900000|  0%| F|  |TAMS 0x0000000745800000, 0x0000000745800000| Untracked 
|  51|0x0000000745900000, 0x0000000745900000, 0x0000000745a00000|  0%| F|  |TAMS 0x0000000745900000, 0x0000000745900000| Untracked 
|  52|0x0000000745a00000, 0x0000000745a00000, 0x0000000745b00000|  0%| F|  |TAMS 0x0000000745a00000, 0x0000000745a00000| Untracked 
|  53|0x0000000745b00000, 0x0000000745b00000, 0x0000000745c00000|  0%| F|  |TAMS 0x0000000745b00000, 0x0000000745b00000| Untracked 
|  54|0x0000000745c00000, 0x0000000745c00000, 0x0000000745d00000|  0%| F|  |TAMS 0x0000000745c00000, 0x0000000745c00000| Untracked 
|  55|0x0000000745d00000, 0x0000000745d00000, 0x0000000745e00000|  0%| F|  |TAMS 0x0000000745d00000, 0x0000000745d00000| Untracked 
|  56|0x0000000745e00000, 0x0000000745e00000, 0x0000000745f00000|  0%| F|  |TAMS 0x0000000745e00000, 0x0000000745e00000| Untracked 
|  57|0x0000000745f00000, 0x0000000745f00000, 0x0000000746000000|  0%| F|  |TAMS 0x0000000745f00000, 0x0000000745f00000| Untracked 
|  58|0x0000000746000000, 0x0000000746000000, 0x0000000746100000|  0%| F|  |TAMS 0x0000000746000000, 0x0000000746000000| Untracked 
|  59|0x0000000746100000, 0x0000000746100000, 0x0000000746200000|  0%| F|  |TAMS 0x0000000746100000, 0x0000000746100000| Untracked 
|  60|0x0000000746200000, 0x0000000746200000, 0x0000000746300000|  0%| F|  |TAMS 0x0000000746200000, 0x0000000746200000| Untracked 
|  61|0x0000000746300000, 0x0000000746300000, 0x0000000746400000|  0%| F|  |TAMS 0x0000000746300000, 0x0000000746300000| Untracked 
|  62|0x0000000746400000, 0x0000000746400000, 0x0000000746500000|  0%| F|  |TAMS 0x0000000746400000, 0x0000000746400000| Untracked 
|  63|0x0000000746500000, 0x0000000746500000, 0x0000000746600000|  0%| F|  |TAMS 0x0000000746500000, 0x0000000746500000| Untracked 
|  64|0x0000000746600000, 0x0000000746600000, 0x0000000746700000|  0%| F|  |TAMS 0x0000000746600000, 0x0000000746600000| Untracked 
|  65|0x0000000746700000, 0x0000000746700000, 0x0000000746800000|  0%| F|  |TAMS 0x0000000746700000, 0x0000000746700000| Untracked 
|  66|0x0000000746800000, 0x0000000746800000, 0x0000000746900000|  0%| F|  |TAMS 0x0000000746800000, 0x0000000746800000| Untracked 
|  67|0x0000000746900000, 0x0000000746900000, 0x0000000746a00000|  0%| F|  |TAMS 0x0000000746900000, 0x0000000746900000| Untracked 
|  68|0x0000000746a00000, 0x0000000746a00000, 0x0000000746b00000|  0%| F|  |TAMS 0x0000000746a00000, 0x0000000746a00000| Untracked 
|  69|0x0000000746b00000, 0x0000000746b00000, 0x0000000746c00000|  0%| F|  |TAMS 0x0000000746b00000, 0x0000000746b00000| Untracked 
|  70|0x0000000746c00000, 0x0000000746c00000, 0x0000000746d00000|  0%| F|  |TAMS 0x0000000746c00000, 0x0000000746c00000| Untracked 
|  71|0x0000000746d00000, 0x0000000746d00000, 0x0000000746e00000|  0%| F|  |TAMS 0x0000000746d00000, 0x0000000746d00000| Untracked 
|  72|0x0000000746e00000, 0x0000000746e00000, 0x0000000746f00000|  0%| F|  |TAMS 0x0000000746e00000, 0x0000000746e00000| Untracked 
|  73|0x0000000746f00000, 0x0000000746f00000, 0x0000000747000000|  0%| F|  |TAMS 0x0000000746f00000, 0x0000000746f00000| Untracked 
|  74|0x0000000747000000, 0x0000000747000000, 0x0000000747100000|  0%| F|  |TAMS 0x0000000747000000, 0x0000000747000000| Untracked 
|  75|0x0000000747100000, 0x0000000747100000, 0x0000000747200000|  0%| F|  |TAMS 0x0000000747100000, 0x0000000747100000| Untracked 
|  76|0x0000000747200000, 0x0000000747200000, 0x0000000747300000|  0%| F|  |TAMS 0x0000000747200000, 0x0000000747200000| Untracked 
|  77|0x0000000747300000, 0x0000000747300000, 0x0000000747400000|  0%| F|  |TAMS 0x0000000747300000, 0x0000000747300000| Untracked 
|  78|0x0000000747400000, 0x0000000747400000, 0x0000000747500000|  0%| F|  |TAMS 0x0000000747400000, 0x0000000747400000| Untracked 
|  79|0x0000000747500000, 0x0000000747500000, 0x0000000747600000|  0%| F|  |TAMS 0x0000000747500000, 0x0000000747500000| Untracked 
|  80|0x0000000747600000, 0x0000000747600000, 0x0000000747700000|  0%| F|  |TAMS 0x0000000747600000, 0x0000000747600000| Untracked 
|  81|0x0000000747700000, 0x0000000747700000, 0x0000000747800000|  0%| F|  |TAMS 0x0000000747700000, 0x0000000747700000| Untracked 
|  82|0x0000000747800000, 0x0000000747800000, 0x0000000747900000|  0%| F|  |TAMS 0x0000000747800000, 0x0000000747800000| Untracked 
|  83|0x0000000747900000, 0x0000000747900000, 0x0000000747a00000|  0%| F|  |TAMS 0x0000000747900000, 0x0000000747900000| Untracked 
|  84|0x0000000747a00000, 0x0000000747a00000, 0x0000000747b00000|  0%| F|  |TAMS 0x0000000747a00000, 0x0000000747a00000| Untracked 
|  85|0x0000000747b00000, 0x0000000747b00000, 0x0000000747c00000|  0%| F|  |TAMS 0x0000000747b00000, 0x0000000747b00000| Untracked 
|  86|0x0000000747c00000, 0x0000000747c00000, 0x0000000747d00000|  0%| F|  |TAMS 0x0000000747c00000, 0x0000000747c00000| Untracked 
|  87|0x0000000747d00000, 0x0000000747d00000, 0x0000000747e00000|  0%| F|  |TAMS 0x0000000747d00000, 0x0000000747d00000| Untracked 
|  88|0x0000000747e00000, 0x0000000747e00000, 0x0000000747f00000|  0%| F|  |TAMS 0x0000000747e00000, 0x0000000747e00000| Untracked 
|  89|0x0000000747f00000, 0x0000000747f00000, 0x0000000748000000|  0%| F|  |TAMS 0x0000000747f00000, 0x0000000747f00000| Untracked 
|  90|0x0000000748000000, 0x0000000748000000, 0x0000000748100000|  0%| F|  |TAMS 0x0000000748000000, 0x0000000748000000| Untracked 
|  91|0x0000000748100000, 0x0000000748100000, 0x0000000748200000|  0%| F|  |TAMS 0x0000000748100000, 0x0000000748100000| Untracked 
|  92|0x0000000748200000, 0x0000000748200000, 0x0000000748300000|  0%| F|  |TAMS 0x0000000748200000, 0x0000000748200000| Untracked 
|  93|0x0000000748300000, 0x0000000748300000, 0x0000000748400000|  0%| F|  |TAMS 0x0000000748300000, 0x0000000748300000| Untracked 
|  94|0x0000000748400000, 0x0000000748400000, 0x0000000748500000|  0%| F|  |TAMS 0x0000000748400000, 0x0000000748400000| Untracked 
|  95|0x0000000748500000, 0x0000000748500000, 0x0000000748600000|  0%| F|  |TAMS 0x0000000748500000, 0x0000000748500000| Untracked 
|  96|0x0000000748600000, 0x0000000748600000, 0x0000000748700000|  0%| F|  |TAMS 0x0000000748600000, 0x0000000748600000| Untracked 
|  97|0x0000000748700000, 0x0000000748700000, 0x0000000748800000|  0%| F|  |TAMS 0x0000000748700000, 0x0000000748700000| Untracked 
|  98|0x0000000748800000, 0x0000000748800000, 0x0000000748900000|  0%| F|  |TAMS 0x0000000748800000, 0x0000000748800000| Untracked 
|  99|0x0000000748900000, 0x0000000748900000, 0x0000000748a00000|  0%| F|  |TAMS 0x0000000748900000, 0x0000000748900000| Untracked 
| 100|0x0000000748a00000, 0x0000000748a00000, 0x0000000748b00000|  0%| F|  |TAMS 0x0000000748a00000, 0x0000000748a00000| Untracked 
| 101|0x0000000748b00000, 0x0000000748b00000, 0x0000000748c00000|  0%| F|  |TAMS 0x0000000748b00000, 0x0000000748b00000| Untracked 
| 102|0x0000000748c00000, 0x0000000748c00000, 0x0000000748d00000|  0%| F|  |TAMS 0x0000000748c00000, 0x0000000748c00000| Untracked 
| 103|0x0000000748d00000, 0x0000000748d00000, 0x0000000748e00000|  0%| F|  |TAMS 0x0000000748d00000, 0x0000000748d00000| Untracked 
| 104|0x0000000748e00000, 0x0000000748e00000, 0x0000000748f00000|  0%| F|  |TAMS 0x0000000748e00000, 0x0000000748e00000| Untracked 
| 105|0x0000000748f00000, 0x0000000748f00000, 0x0000000749000000|  0%| F|  |TAMS 0x0000000748f00000, 0x0000000748f00000| Untracked 
| 106|0x0000000749000000, 0x0000000749000000, 0x0000000749100000|  0%| F|  |TAMS 0x0000000749000000, 0x0000000749000000| Untracked 
| 107|0x0000000749100000, 0x0000000749100000, 0x0000000749200000|  0%| F|  |TAMS 0x0000000749100000, 0x0000000749100000| Untracked 
| 108|0x0000000749200000, 0x0000000749200000, 0x0000000749300000|  0%| F|  |TAMS 0x0000000749200000, 0x0000000749200000| Untracked 
| 109|0x0000000749300000, 0x0000000749300000, 0x0000000749400000|  0%| F|  |TAMS 0x0000000749300000, 0x0000000749300000| Untracked 
| 110|0x0000000749400000, 0x0000000749400000, 0x0000000749500000|  0%| F|  |TAMS 0x0000000749400000, 0x0000000749400000| Untracked 
| 111|0x0000000749500000, 0x0000000749500000, 0x0000000749600000|  0%| F|  |TAMS 0x0000000749500000, 0x0000000749500000| Untracked 
| 112|0x0000000749600000, 0x0000000749600000, 0x0000000749700000|  0%| F|  |TAMS 0x0000000749600000, 0x0000000749600000| Untracked 
| 113|0x0000000749700000, 0x0000000749700000, 0x0000000749800000|  0%| F|  |TAMS 0x0000000749700000, 0x0000000749700000| Untracked 
| 114|0x0000000749800000, 0x0000000749800000, 0x0000000749900000|  0%| F|  |TAMS 0x0000000749800000, 0x0000000749800000| Untracked 
| 115|0x0000000749900000, 0x0000000749900000, 0x0000000749a00000|  0%| F|  |TAMS 0x0000000749900000, 0x0000000749900000| Untracked 
| 116|0x0000000749a00000, 0x0000000749a00000, 0x0000000749b00000|  0%| F|  |TAMS 0x0000000749a00000, 0x0000000749a00000| Untracked 
| 117|0x0000000749b00000, 0x0000000749b00000, 0x0000000749c00000|  0%| F|  |TAMS 0x0000000749b00000, 0x0000000749b00000| Untracked 
| 118|0x0000000749c00000, 0x0000000749c00000, 0x0000000749d00000|  0%| F|  |TAMS 0x0000000749c00000, 0x0000000749c00000| Untracked 
| 119|0x0000000749d00000, 0x0000000749d00000, 0x0000000749e00000|  0%| F|  |TAMS 0x0000000749d00000, 0x0000000749d00000| Untracked 
| 120|0x0000000749e00000, 0x0000000749e00000, 0x0000000749f00000|  0%| F|  |TAMS 0x0000000749e00000, 0x0000000749e00000| Untracked 
| 121|0x0000000749f00000, 0x0000000749f00000, 0x000000074a000000|  0%| F|  |TAMS 0x0000000749f00000, 0x0000000749f00000| Untracked 
| 122|0x000000074a000000, 0x000000074a05afd8, 0x000000074a100000| 35%| S|CS|TAMS 0x000000074a000000, 0x000000074a000000| Complete 
| 123|0x000000074a100000, 0x000000074a200000, 0x000000074a200000|100%| S|CS|TAMS 0x000000074a100000, 0x000000074a100000| Complete 
| 124|0x000000074a200000, 0x000000074a300000, 0x000000074a300000|100%| S|CS|TAMS 0x000000074a200000, 0x000000074a200000| Complete 
| 125|0x000000074a300000, 0x000000074a400000, 0x000000074a400000|100%| S|CS|TAMS 0x000000074a300000, 0x000000074a300000| Complete 
| 126|0x000000074a400000, 0x000000074a500000, 0x000000074a500000|100%| S|CS|TAMS 0x000000074a400000, 0x000000074a400000| Complete 
| 127|0x000000074a500000, 0x000000074a600000, 0x000000074a600000|100%| S|CS|TAMS 0x000000074a500000, 0x000000074a500000| Complete 
| 128|0x000000074a600000, 0x000000074a700000, 0x000000074a700000|100%| S|CS|TAMS 0x000000074a600000, 0x000000074a600000| Complete 
| 129|0x000000074a700000, 0x000000074a800000, 0x000000074a800000|100%| S|CS|TAMS 0x000000074a700000, 0x000000074a700000| Complete 
| 130|0x000000074a800000, 0x000000074a900000, 0x000000074a900000|100%| S|CS|TAMS 0x000000074a800000, 0x000000074a800000| Complete 
| 131|0x000000074a900000, 0x000000074aa00000, 0x000000074aa00000|100%| S|CS|TAMS 0x000000074a900000, 0x000000074a900000| Complete 
| 132|0x000000074aa00000, 0x000000074aa00000, 0x000000074ab00000|  0%| F|  |TAMS 0x000000074aa00000, 0x000000074aa00000| Untracked 
| 133|0x000000074ab00000, 0x000000074ab00000, 0x000000074ac00000|  0%| F|  |TAMS 0x000000074ab00000, 0x000000074ab00000| Untracked 
| 134|0x000000074ac00000, 0x000000074ac00000, 0x000000074ad00000|  0%| F|  |TAMS 0x000000074ac00000, 0x000000074ac00000| Untracked 
| 135|0x000000074ad00000, 0x000000074ad00000, 0x000000074ae00000|  0%| F|  |TAMS 0x000000074ad00000, 0x000000074ad00000| Untracked 
| 136|0x000000074ae00000, 0x000000074ae00000, 0x000000074af00000|  0%| F|  |TAMS 0x000000074ae00000, 0x000000074ae00000| Untracked 
| 137|0x000000074af00000, 0x000000074af00000, 0x000000074b000000|  0%| F|  |TAMS 0x000000074af00000, 0x000000074af00000| Untracked 
| 138|0x000000074b000000, 0x000000074b000000, 0x000000074b100000|  0%| F|  |TAMS 0x000000074b000000, 0x000000074b000000| Untracked 
| 139|0x000000074b100000, 0x000000074b100000, 0x000000074b200000|  0%| F|  |TAMS 0x000000074b100000, 0x000000074b100000| Untracked 
| 140|0x000000074b200000, 0x000000074b200000, 0x000000074b300000|  0%| F|  |TAMS 0x000000074b200000, 0x000000074b200000| Untracked 
| 141|0x000000074b300000, 0x000000074b300000, 0x000000074b400000|  0%| F|  |TAMS 0x000000074b300000, 0x000000074b300000| Untracked 
| 142|0x000000074b400000, 0x000000074b400000, 0x000000074b500000|  0%| F|  |TAMS 0x000000074b400000, 0x000000074b400000| Untracked 
| 143|0x000000074b500000, 0x000000074b500000, 0x000000074b600000|  0%| F|  |TAMS 0x000000074b500000, 0x000000074b500000| Untracked 
| 144|0x000000074b600000, 0x000000074b600000, 0x000000074b700000|  0%| F|  |TAMS 0x000000074b600000, 0x000000074b600000| Untracked 
| 145|0x000000074b700000, 0x000000074b700000, 0x000000074b800000|  0%| F|  |TAMS 0x000000074b700000, 0x000000074b700000| Untracked 
| 146|0x000000074b800000, 0x000000074b800000, 0x000000074b900000|  0%| F|  |TAMS 0x000000074b800000, 0x000000074b800000| Untracked 
| 147|0x000000074b900000, 0x000000074b900000, 0x000000074ba00000|  0%| F|  |TAMS 0x000000074b900000, 0x000000074b900000| Untracked 
| 148|0x000000074ba00000, 0x000000074ba00000, 0x000000074bb00000|  0%| F|  |TAMS 0x000000074ba00000, 0x000000074ba00000| Untracked 
| 149|0x000000074bb00000, 0x000000074bb00000, 0x000000074bc00000|  0%| F|  |TAMS 0x000000074bb00000, 0x000000074bb00000| Untracked 
| 150|0x000000074bc00000, 0x000000074bc00000, 0x000000074bd00000|  0%| F|  |TAMS 0x000000074bc00000, 0x000000074bc00000| Untracked 
| 151|0x000000074bd00000, 0x000000074bd00000, 0x000000074be00000|  0%| F|  |TAMS 0x000000074bd00000, 0x000000074bd00000| Untracked 
| 152|0x000000074be00000, 0x000000074be00000, 0x000000074bf00000|  0%| F|  |TAMS 0x000000074be00000, 0x000000074be00000| Untracked 
| 153|0x000000074bf00000, 0x000000074bf00000, 0x000000074c000000|  0%| F|  |TAMS 0x000000074bf00000, 0x000000074bf00000| Untracked 
| 154|0x000000074c000000, 0x000000074c000000, 0x000000074c100000|  0%| F|  |TAMS 0x000000074c000000, 0x000000074c000000| Untracked 
| 155|0x000000074c100000, 0x000000074c100000, 0x000000074c200000|  0%| F|  |TAMS 0x000000074c100000, 0x000000074c100000| Untracked 
| 156|0x000000074c200000, 0x000000074c200000, 0x000000074c300000|  0%| F|  |TAMS 0x000000074c200000, 0x000000074c200000| Untracked 
| 157|0x000000074c300000, 0x000000074c300000, 0x000000074c400000|  0%| F|  |TAMS 0x000000074c300000, 0x000000074c300000| Untracked 
| 158|0x000000074c400000, 0x000000074c400000, 0x000000074c500000|  0%| F|  |TAMS 0x000000074c400000, 0x000000074c400000| Untracked 
| 159|0x000000074c500000, 0x000000074c500000, 0x000000074c600000|  0%| F|  |TAMS 0x000000074c500000, 0x000000074c500000| Untracked 
| 160|0x000000074c600000, 0x000000074c600000, 0x000000074c700000|  0%| F|  |TAMS 0x000000074c600000, 0x000000074c600000| Untracked 
| 161|0x000000074c700000, 0x000000074c700000, 0x000000074c800000|  0%| F|  |TAMS 0x000000074c700000, 0x000000074c700000| Untracked 
| 162|0x000000074c800000, 0x000000074c800000, 0x000000074c900000|  0%| F|  |TAMS 0x000000074c800000, 0x000000074c800000| Untracked 
| 163|0x000000074c900000, 0x000000074c900000, 0x000000074ca00000|  0%| F|  |TAMS 0x000000074c900000, 0x000000074c900000| Untracked 
| 164|0x000000074ca00000, 0x000000074ca00000, 0x000000074cb00000|  0%| F|  |TAMS 0x000000074ca00000, 0x000000074ca00000| Untracked 
| 165|0x000000074cb00000, 0x000000074cb00000, 0x000000074cc00000|  0%| F|  |TAMS 0x000000074cb00000, 0x000000074cb00000| Untracked 
| 166|0x000000074cc00000, 0x000000074cc00000, 0x000000074cd00000|  0%| F|  |TAMS 0x000000074cc00000, 0x000000074cc00000| Untracked 
| 167|0x000000074cd00000, 0x000000074cd00000, 0x000000074ce00000|  0%| F|  |TAMS 0x000000074cd00000, 0x000000074cd00000| Untracked 
| 168|0x000000074ce00000, 0x000000074ce00000, 0x000000074cf00000|  0%| F|  |TAMS 0x000000074ce00000, 0x000000074ce00000| Untracked 
| 169|0x000000074cf00000, 0x000000074cf00000, 0x000000074d000000|  0%| F|  |TAMS 0x000000074cf00000, 0x000000074cf00000| Untracked 
| 170|0x000000074d000000, 0x000000074d000000, 0x000000074d100000|  0%| F|  |TAMS 0x000000074d000000, 0x000000074d000000| Untracked 
| 171|0x000000074d100000, 0x000000074d100000, 0x000000074d200000|  0%| F|  |TAMS 0x000000074d100000, 0x000000074d100000| Untracked 
| 172|0x000000074d200000, 0x000000074d200000, 0x000000074d300000|  0%| F|  |TAMS 0x000000074d200000, 0x000000074d200000| Untracked 
| 173|0x000000074d300000, 0x000000074d300000, 0x000000074d400000|  0%| F|  |TAMS 0x000000074d300000, 0x000000074d300000| Untracked 
| 174|0x000000074d400000, 0x000000074d400000, 0x000000074d500000|  0%| F|  |TAMS 0x000000074d400000, 0x000000074d400000| Untracked 
| 175|0x000000074d500000, 0x000000074d500000, 0x000000074d600000|  0%| F|  |TAMS 0x000000074d500000, 0x000000074d500000| Untracked 
| 176|0x000000074d600000, 0x000000074d600000, 0x000000074d700000|  0%| F|  |TAMS 0x000000074d600000, 0x000000074d600000| Untracked 
| 177|0x000000074d700000, 0x000000074d700000, 0x000000074d800000|  0%| F|  |TAMS 0x000000074d700000, 0x000000074d700000| Untracked 
| 178|0x000000074d800000, 0x000000074d800000, 0x000000074d900000|  0%| F|  |TAMS 0x000000074d800000, 0x000000074d800000| Untracked 
| 179|0x000000074d900000, 0x000000074d900000, 0x000000074da00000|  0%| F|  |TAMS 0x000000074d900000, 0x000000074d900000| Untracked 
| 180|0x000000074da00000, 0x000000074da00000, 0x000000074db00000|  0%| F|  |TAMS 0x000000074da00000, 0x000000074da00000| Untracked 
| 181|0x000000074db00000, 0x000000074db00000, 0x000000074dc00000|  0%| F|  |TAMS 0x000000074db00000, 0x000000074db00000| Untracked 
| 182|0x000000074dc00000, 0x000000074dc00000, 0x000000074dd00000|  0%| F|  |TAMS 0x000000074dc00000, 0x000000074dc00000| Untracked 
| 183|0x000000074dd00000, 0x000000074dd00000, 0x000000074de00000|  0%| F|  |TAMS 0x000000074dd00000, 0x000000074dd00000| Untracked 
| 184|0x000000074de00000, 0x000000074de00000, 0x000000074df00000|  0%| F|  |TAMS 0x000000074de00000, 0x000000074de00000| Untracked 
| 185|0x000000074df00000, 0x000000074df00000, 0x000000074e000000|  0%| F|  |TAMS 0x000000074df00000, 0x000000074df00000| Untracked 
| 186|0x000000074e000000, 0x000000074e000000, 0x000000074e100000|  0%| F|  |TAMS 0x000000074e000000, 0x000000074e000000| Untracked 
| 187|0x000000074e100000, 0x000000074e100000, 0x000000074e200000|  0%| F|  |TAMS 0x000000074e100000, 0x000000074e100000| Untracked 
| 188|0x000000074e200000, 0x000000074e200000, 0x000000074e300000|  0%| F|  |TAMS 0x000000074e200000, 0x000000074e200000| Untracked 
| 189|0x000000074e300000, 0x000000074e300000, 0x000000074e400000|  0%| F|  |TAMS 0x000000074e300000, 0x000000074e300000| Untracked 
| 190|0x000000074e400000, 0x000000074e400000, 0x000000074e500000|  0%| F|  |TAMS 0x000000074e400000, 0x000000074e400000| Untracked 
| 191|0x000000074e500000, 0x000000074e500000, 0x000000074e600000|  0%| F|  |TAMS 0x000000074e500000, 0x000000074e500000| Untracked 
| 192|0x000000074e600000, 0x000000074e600000, 0x000000074e700000|  0%| F|  |TAMS 0x000000074e600000, 0x000000074e600000| Untracked 
| 193|0x000000074e700000, 0x000000074e700000, 0x000000074e800000|  0%| F|  |TAMS 0x000000074e700000, 0x000000074e700000| Untracked 
| 194|0x000000074e800000, 0x000000074e800000, 0x000000074e900000|  0%| F|  |TAMS 0x000000074e800000, 0x000000074e800000| Untracked 
| 195|0x000000074e900000, 0x000000074e900000, 0x000000074ea00000|  0%| F|  |TAMS 0x000000074e900000, 0x000000074e900000| Untracked 
| 196|0x000000074ea00000, 0x000000074ea00000, 0x000000074eb00000|  0%| F|  |TAMS 0x000000074ea00000, 0x000000074ea00000| Untracked 
| 197|0x000000074eb00000, 0x000000074eb00000, 0x000000074ec00000|  0%| F|  |TAMS 0x000000074eb00000, 0x000000074eb00000| Untracked 
| 198|0x000000074ec00000, 0x000000074ec00000, 0x000000074ed00000|  0%| F|  |TAMS 0x000000074ec00000, 0x000000074ec00000| Untracked 
| 199|0x000000074ed00000, 0x000000074ed00000, 0x000000074ee00000|  0%| F|  |TAMS 0x000000074ed00000, 0x000000074ed00000| Untracked 
| 200|0x000000074ee00000, 0x000000074ee00000, 0x000000074ef00000|  0%| F|  |TAMS 0x000000074ee00000, 0x000000074ee00000| Untracked 
| 201|0x000000074ef00000, 0x000000074ef00000, 0x000000074f000000|  0%| F|  |TAMS 0x000000074ef00000, 0x000000074ef00000| Untracked 
| 202|0x000000074f000000, 0x000000074f000000, 0x000000074f100000|  0%| F|  |TAMS 0x000000074f000000, 0x000000074f000000| Untracked 
| 203|0x000000074f100000, 0x000000074f100000, 0x000000074f200000|  0%| F|  |TAMS 0x000000074f100000, 0x000000074f100000| Untracked 
| 204|0x000000074f200000, 0x000000074f200000, 0x000000074f300000|  0%| F|  |TAMS 0x000000074f200000, 0x000000074f200000| Untracked 
| 205|0x000000074f300000, 0x000000074f300000, 0x000000074f400000|  0%| F|  |TAMS 0x000000074f300000, 0x000000074f300000| Untracked 
| 206|0x000000074f400000, 0x000000074f400000, 0x000000074f500000|  0%| F|  |TAMS 0x000000074f400000, 0x000000074f400000| Untracked 
| 207|0x000000074f500000, 0x000000074f500000, 0x000000074f600000|  0%| F|  |TAMS 0x000000074f500000, 0x000000074f500000| Untracked 
| 208|0x000000074f600000, 0x000000074f600000, 0x000000074f700000|  0%| F|  |TAMS 0x000000074f600000, 0x000000074f600000| Untracked 
| 209|0x000000074f700000, 0x000000074f700000, 0x000000074f800000|  0%| F|  |TAMS 0x000000074f700000, 0x000000074f700000| Untracked 
| 210|0x000000074f800000, 0x000000074f800000, 0x000000074f900000|  0%| F|  |TAMS 0x000000074f800000, 0x000000074f800000| Untracked 
| 211|0x000000074f900000, 0x000000074f900000, 0x000000074fa00000|  0%| F|  |TAMS 0x000000074f900000, 0x000000074f900000| Untracked 
| 212|0x000000074fa00000, 0x000000074fa00000, 0x000000074fb00000|  0%| F|  |TAMS 0x000000074fa00000, 0x000000074fa00000| Untracked 
| 213|0x000000074fb00000, 0x000000074fb00000, 0x000000074fc00000|  0%| F|  |TAMS 0x000000074fb00000, 0x000000074fb00000| Untracked 
| 214|0x000000074fc00000, 0x000000074fc00000, 0x000000074fd00000|  0%| F|  |TAMS 0x000000074fc00000, 0x000000074fc00000| Untracked 
| 215|0x000000074fd00000, 0x000000074fd00000, 0x000000074fe00000|  0%| F|  |TAMS 0x000000074fd00000, 0x000000074fd00000| Untracked 
| 216|0x000000074fe00000, 0x000000074fe00000, 0x000000074ff00000|  0%| F|  |TAMS 0x000000074fe00000, 0x000000074fe00000| Untracked 
| 217|0x000000074ff00000, 0x000000074ff00000, 0x0000000750000000|  0%| F|  |TAMS 0x000000074ff00000, 0x000000074ff00000| Untracked 
| 218|0x0000000750000000, 0x0000000750000000, 0x0000000750100000|  0%| F|  |TAMS 0x0000000750000000, 0x0000000750000000| Untracked 
| 219|0x0000000750100000, 0x0000000750100000, 0x0000000750200000|  0%| F|  |TAMS 0x0000000750100000, 0x0000000750100000| Untracked 
| 220|0x0000000750200000, 0x0000000750200000, 0x0000000750300000|  0%| F|  |TAMS 0x0000000750200000, 0x0000000750200000| Untracked 
| 221|0x0000000750300000, 0x0000000750300000, 0x0000000750400000|  0%| F|  |TAMS 0x0000000750300000, 0x0000000750300000| Untracked 
| 222|0x0000000750400000, 0x0000000750480800, 0x0000000750500000| 50%| E|  |TAMS 0x0000000750400000, 0x0000000750400000| Complete 
| 223|0x0000000750500000, 0x0000000750600000, 0x0000000750600000|100%| E|CS|TAMS 0x0000000750500000, 0x0000000750500000| Complete 
| 224|0x0000000750600000, 0x0000000750700000, 0x0000000750700000|100%| E|CS|TAMS 0x0000000750600000, 0x0000000750600000| Complete 
| 225|0x0000000750700000, 0x0000000750800000, 0x0000000750800000|100%| E|CS|TAMS 0x0000000750700000, 0x0000000750700000| Complete 
| 226|0x0000000750800000, 0x0000000750900000, 0x0000000750900000|100%| E|CS|TAMS 0x0000000750800000, 0x0000000750800000| Complete 
| 227|0x0000000750900000, 0x0000000750a00000, 0x0000000750a00000|100%| E|CS|TAMS 0x0000000750900000, 0x0000000750900000| Complete 

Card table byte_map: [0x0000021914b90000,0x0000021915180000] _byte_map_base: 0x000002191117d000

Marking Bits (Prev, Next): (CMBitMap*) 0x000002197fc0f9f0, (CMBitMap*) 0x000002197fc0f9b8
 Prev Bits: [0x00000219186e0000, 0x000002191b648000)
 Next Bits: [0x0000021915770000, 0x00000219186d8000)

Polling page: 0x000002197f780000

Metaspace:

Usage:
  Non-class:     60.12 MB capacity,    59.65 MB (>99%) used,   369.52 KB ( <1%) free+waste,   114.06 KB ( <1%) overhead. 
      Class:      7.73 MB capacity,     7.42 MB ( 96%) used,   270.09 KB (  3%) free+waste,    49.63 KB ( <1%) overhead. 
       Both:     67.85 MB capacity,    67.07 MB ( 99%) used,   639.62 KB ( <1%) free+waste,   163.69 KB ( <1%) overhead. 

Virtual space:
  Non-class space:       62.00 MB reserved,      60.21 MB ( 97%) committed 
      Class space:        1.00 GB reserved,       7.75 MB ( <1%) committed 
             Both:        1.06 GB reserved,      67.96 MB (  6%) committed 

Chunk freelists:
   Non-Class:  22.00 KB
       Class:  20.00 KB
        Both:  42.00 KB

MaxMetaspaceSize: 17179869184.00 GB
CompressedClassSpaceSize: 1.00 GB

CodeHeap 'non-profiled nmethods': size=120000Kb used=5226Kb max_used=5226Kb free=114773Kb
 bounds [0x000002190c900000, 0x000002190ce20000, 0x0000021913e30000]
CodeHeap 'profiled nmethods': size=120000Kb used=28679Kb max_used=28679Kb free=91320Kb
 bounds [0x00000219053d0000, 0x0000021906fe0000, 0x000002190c900000]
CodeHeap 'non-nmethods': size=5760Kb used=1290Kb max_used=1324Kb free=4469Kb
 bounds [0x0000021904e30000, 0x00000219050a0000, 0x00000219053d0000]
 total_blobs=10545 nmethods=9903 adapters=547
 compilation: enabled
              stopped_count=0, restarted_count=0
 full_count=0

Compilation events (20 events):
Event: 8.573 Thread 0x000002191ea51800 9910       1       org.jetbrains.kotlin.psi2ir.generators.TypeTranslatorImpl$typeApproximatorConfiguration$1::getIntersectionTypesInContravariantPositions (2 bytes)
Event: 8.574 Thread 0x000002191ea51800 nmethod 9910 0x000002190ce18b10 code [0x000002190ce18cc0, 0x000002190ce18d78]
Event: 8.574 Thread 0x000002191ea51800 9919       1       org.jetbrains.kotlin.psi2ir.intermediate.CallBuilder::getTypeArguments (5 bytes)
Event: 8.574 Thread 0x000002191ea51800 nmethod 9919 0x000002190ce18e10 code [0x000002190ce18fc0, 0x000002190ce19078]
Event: 8.574 Thread 0x000002191ea51800 9921       1       org.jetbrains.kotlin.ir.expressions.impl.IrCallImpl::getSymbol (5 bytes)
Event: 8.574 Thread 0x000002191ea51800 nmethod 9921 0x000002190ce19110 code [0x000002190ce192c0, 0x000002190ce19378]
Event: 8.574 Thread 0x000002191ea51800 9916       1       org.jetbrains.kotlin.psi2ir.intermediate.CallBuilder::getSuperQualifier (5 bytes)
Event: 8.574 Thread 0x000002191ea51800 nmethod 9916 0x000002190ce19410 code [0x000002190ce195c0, 0x000002190ce19678]
Event: 8.574 Thread 0x000002191ea51800 9912       1       org.jetbrains.kotlin.types.TypeApproximatorConfiguration::getIntersection (5 bytes)
Event: 8.574 Thread 0x000002191ea51800 nmethod 9912 0x000002190ce19710 code [0x000002190ce198c0, 0x000002190ce19978]
Event: 8.574 Thread 0x000002191ea51800 9923       1       org.jetbrains.kotlin.metadata.ProtoBuf$Property::getFlags (5 bytes)
Event: 8.574 Thread 0x000002191ea51800 nmethod 9923 0x000002190ce19a10 code [0x000002190ce19bc0, 0x000002190ce19c78]
Event: 8.577 Thread 0x000002191ea51800 9932       1       org.jetbrains.kotlin.types.ErrorType::getArguments (5 bytes)
Event: 8.577 Thread 0x000002191ea51800 nmethod 9932 0x000002190ce19d10 code [0x000002190ce19ec0, 0x000002190ce19f78]
Event: 8.577 Thread 0x000002191ea51800 9933       1       org.jetbrains.kotlin.descriptors.PossiblyInnerType::getOuterType (5 bytes)
Event: 8.578 Thread 0x000002191ea51800 nmethod 9933 0x000002190ce1a010 code [0x000002190ce1a1c0, 0x000002190ce1a278]
Event: 8.578 Thread 0x000002191ea51800 9934       1       org.jetbrains.kotlin.descriptors.PossiblyInnerType::getClassifierDescriptor (5 bytes)
Event: 8.578 Thread 0x000002191ea51800 nmethod 9934 0x000002190ce1a310 code [0x000002190ce1a4c0, 0x000002190ce1a578]
Event: 8.578 Thread 0x000002191ea51800 9935       1       org.jetbrains.kotlin.descriptors.PossiblyInnerType::getArguments (5 bytes)
Event: 8.578 Thread 0x000002191ea51800 nmethod 9935 0x000002190ce1a610 code [0x000002190ce1a7c0, 0x000002190ce1a878]

GC Heap History (16 events):
Event: 0.537 GC heap before
{Heap before GC invocations=0 (full 0):
 garbage-first heap   total 194560K, used 27648K [0x0000000742600000, 0x0000000800000000)
  region size 1024K, 24 young (24576K), 0 survivors (0K)
 Metaspace       used 12333K, capacity 12501K, committed 12800K, reserved 1060864K
  class space    used 1163K, capacity 1206K, committed 1280K, reserved 1048576K
}
Event: 0.540 GC heap after
{Heap after GC invocations=1 (full 0):
 garbage-first heap   total 194560K, used 5770K [0x0000000742600000, 0x0000000800000000)
  region size 1024K, 3 young (3072K), 3 survivors (3072K)
 Metaspace       used 12333K, capacity 12501K, committed 12800K, reserved 1060864K
  class space    used 1163K, capacity 1206K, committed 1280K, reserved 1048576K
}
Event: 1.103 GC heap before
{Heap before GC invocations=1 (full 0):
 garbage-first heap   total 194560K, used 40586K [0x0000000742600000, 0x0000000800000000)
  region size 1024K, 38 young (38912K), 3 survivors (3072K)
 Metaspace       used 20870K, capacity 21087K, committed 21296K, reserved 1069056K
  class space    used 2217K, capacity 2312K, committed 2432K, reserved 1048576K
}
Event: 1.115 GC heap after
{Heap after GC invocations=2 (full 0):
 garbage-first heap   total 194560K, used 9126K [0x0000000742600000, 0x0000000800000000)
  region size 1024K, 6 young (6144K), 6 survivors (6144K)
 Metaspace       used 20870K, capacity 21087K, committed 21296K, reserved 1069056K
  class space    used 2217K, capacity 2312K, committed 2432K, reserved 1048576K
}
Event: 2.023 GC heap before
{Heap before GC invocations=3 (full 0):
 garbage-first heap   total 194560K, used 63398K [0x0000000742600000, 0x0000000800000000)
  region size 1024K, 54 young (55296K), 6 survivors (6144K)
 Metaspace       used 32567K, capacity 32976K, committed 33200K, reserved 1079296K
  class space    used 4079K, capacity 4245K, committed 4352K, reserved 1048576K
}
Event: 2.037 GC heap after
{Heap after GC invocations=4 (full 0):
 garbage-first heap   total 194560K, used 20478K [0x0000000742600000, 0x0000000800000000)
  region size 1024K, 7 young (7168K), 7 survivors (7168K)
 Metaspace       used 32567K, capacity 32976K, committed 33200K, reserved 1079296K
  class space    used 4079K, capacity 4245K, committed 4352K, reserved 1048576K
}
Event: 2.244 GC heap before
{Heap before GC invocations=4 (full 0):
 garbage-first heap   total 194560K, used 33790K [0x0000000742600000, 0x0000000800000000)
  region size 1024K, 21 young (21504K), 7 survivors (7168K)
 Metaspace       used 35379K, capacity 35825K, committed 35920K, reserved 1081344K
  class space    used 4385K, capacity 4575K, committed 4608K, reserved 1048576K
}
Event: 2.253 GC heap after
{Heap after GC invocations=5 (full 0):
 garbage-first heap   total 194560K, used 22560K [0x0000000742600000, 0x0000000800000000)
  region size 1024K, 2 young (2048K), 2 survivors (2048K)
 Metaspace       used 35379K, capacity 35825K, committed 35920K, reserved 1081344K
  class space    used 4385K, capacity 4575K, committed 4608K, reserved 1048576K
}
Event: 3.354 GC heap before
{Heap before GC invocations=6 (full 0):
 garbage-first heap   total 194560K, used 79904K [0x0000000742600000, 0x0000000800000000)
  region size 1024K, 58 young (59392K), 2 survivors (2048K)
 Metaspace       used 47384K, capacity 47931K, committed 48208K, reserved 1091584K
  class space    used 5606K, capacity 5810K, committed 5888K, reserved 1048576K
}
Event: 3.362 GC heap after
{Heap after GC invocations=7 (full 0):
 garbage-first heap   total 233472K, used 27753K [0x0000000742600000, 0x0000000800000000)
  region size 1024K, 7 young (7168K), 7 survivors (7168K)
 Metaspace       used 47384K, capacity 47931K, committed 48208K, reserved 1091584K
  class space    used 5606K, capacity 5810K, committed 5888K, reserved 1048576K
}
Event: 4.553 GC heap before
{Heap before GC invocations=7 (full 0):
 garbage-first heap   total 233472K, used 109673K [0x0000000742600000, 0x0000000800000000)
  region size 1024K, 86 young (88064K), 7 survivors (7168K)
 Metaspace       used 55627K, capacity 56306K, committed 56528K, reserved 1099776K
  class space    used 6432K, capacity 6707K, committed 6784K, reserved 1048576K
}
Event: 4.566 GC heap after
{Heap after GC invocations=8 (full 0):
 garbage-first heap   total 233472K, used 36049K [0x0000000742600000, 0x0000000800000000)
  region size 1024K, 11 young (11264K), 11 survivors (11264K)
 Metaspace       used 55627K, capacity 56306K, committed 56528K, reserved 1099776K
  class space    used 6432K, capacity 6707K, committed 6784K, reserved 1048576K
}
Event: 5.726 GC heap before
{Heap before GC invocations=8 (full 0):
 garbage-first heap   total 233472K, used 103633K [0x0000000742600000, 0x0000000800000000)
  region size 1024K, 78 young (79872K), 11 survivors (11264K)
 Metaspace       used 59383K, capacity 60132K, committed 60240K, reserved 1101824K
  class space    used 6800K, capacity 7105K, committed 7168K, reserved 1048576K
}
Event: 5.767 GC heap after
{Heap after GC invocations=9 (full 0):
 garbage-first heap   total 233472K, used 45954K [0x0000000742600000, 0x0000000800000000)
  region size 1024K, 10 young (10240K), 10 survivors (10240K)
 Metaspace       used 59383K, capacity 60132K, committed 60240K, reserved 1101824K
  class space    used 6800K, capacity 7105K, committed 7168K, reserved 1048576K
}
Event: 8.481 GC heap before
{Heap before GC invocations=10 (full 0):
 garbage-first heap   total 233472K, used 134018K [0x0000000742600000, 0x0000000800000000)
  region size 1024K, 96 young (98304K), 10 survivors (10240K)
 Metaspace       used 68629K, capacity 69482K, committed 69588K, reserved 1112064K
  class space    used 7592K, capacity 7916K, committed 7936K, reserved 1048576K
}
Event: 8.504 GC heap after
{Heap after GC invocations=11 (full 0):
 garbage-first heap   total 233472K, used 55365K [0x0000000742600000, 0x0000000800000000)
  region size 1024K, 10 young (10240K), 10 survivors (10240K)
 Metaspace       used 68629K, capacity 69482K, committed 69588K, reserved 1112064K
  class space    used 7592K, capacity 7916K, committed 7936K, reserved 1048576K
}

Deoptimization events (20 events):
Event: 8.523 Thread 0x000002197fbbf000 Uncommon trap: trap_request=0xffffff6e fr.pc=0x000002190ce08e88 relative=0x0000000000000068
Event: 8.523 Thread 0x000002197fbbf000 Uncommon trap: reason=speculate_class_check action=maybe_recompile pc=0x000002190ce08e88 method=org.jetbrains.kotlin.types.checker.ClassicTypeSystemContext$DefaultImpls.hasAnnotation(Lorg/jetbrains/kotlin/types/checker/ClassicTypeSystemContext;Lorg/jetbra
Event: 8.523 Thread 0x000002197fbbf000 DEOPT PACKING pc=0x000002190ce08e88 sp=0x0000007ab94fccc0
Event: 8.523 Thread 0x000002197fbbf000 DEOPT UNPACKING pc=0x0000021904e568af sp=0x0000007ab94fcb00 mode 2
Event: 8.540 Thread 0x000002197fbbf000 Uncommon trap: trap_request=0xffffff6e fr.pc=0x000002190ce15278 relative=0x0000000000000058
Event: 8.540 Thread 0x000002197fbbf000 Uncommon trap: reason=speculate_class_check action=maybe_recompile pc=0x000002190ce15278 method=org.jetbrains.kotlin.types.checker.ClassicTypeSystemContext$DefaultImpls.hasAnnotation(Lorg/jetbrains/kotlin/types/checker/ClassicTypeSystemContext;Lorg/jetbra
Event: 8.540 Thread 0x000002197fbbf000 DEOPT PACKING pc=0x000002190ce15278 sp=0x0000007ab94fbc10
Event: 8.540 Thread 0x000002197fbbf000 DEOPT UNPACKING pc=0x0000021904e568af sp=0x0000007ab94fb9d0 mode 2
Event: 8.540 Thread 0x000002197fbbf000 Uncommon trap: trap_request=0xffffff6e fr.pc=0x000002190ce15278 relative=0x0000000000000058
Event: 8.540 Thread 0x000002197fbbf000 Uncommon trap: reason=speculate_class_check action=maybe_recompile pc=0x000002190ce15278 method=org.jetbrains.kotlin.types.checker.ClassicTypeSystemContext$DefaultImpls.hasAnnotation(Lorg/jetbrains/kotlin/types/checker/ClassicTypeSystemContext;Lorg/jetbra
Event: 8.540 Thread 0x000002197fbbf000 DEOPT PACKING pc=0x000002190ce15278 sp=0x0000007ab94fb490
Event: 8.540 Thread 0x000002197fbbf000 DEOPT UNPACKING pc=0x0000021904e568af sp=0x0000007ab94fb250 mode 2
Event: 8.549 Thread 0x000002197fbbf000 Uncommon trap: trap_request=0xffffffde fr.pc=0x000002190cdffae8 relative=0x00000000000000a8
Event: 8.549 Thread 0x000002197fbbf000 Uncommon trap: reason=class_check action=maybe_recompile pc=0x000002190cdffae8 method=org.jetbrains.kotlin.types.FlexibleTypesKt.lowerIfFlexible(Lorg/jetbrains/kotlin/types/KotlinType;)Lorg/jetbrains/kotlin/types/SimpleType; @ 27 c2
Event: 8.549 Thread 0x000002197fbbf000 DEOPT PACKING pc=0x000002190cdffae8 sp=0x0000007ab94fd420
Event: 8.549 Thread 0x000002197fbbf000 DEOPT UNPACKING pc=0x0000021904e568af sp=0x0000007ab94fd398 mode 2
Event: 8.549 Thread 0x000002197fbbf000 Uncommon trap: trap_request=0xffffffde fr.pc=0x000002190ce16414 relative=0x0000000000000134
Event: 8.549 Thread 0x000002197fbbf000 Uncommon trap: reason=class_check action=maybe_recompile pc=0x000002190ce16414 method=org.jetbrains.kotlin.types.FlexibleTypesKt.isNullabilityFlexible(Lorg/jetbrains/kotlin/types/KotlinType;)Z @ 19 c2
Event: 8.549 Thread 0x000002197fbbf000 DEOPT PACKING pc=0x000002190ce16414 sp=0x0000007ab94fd200
Event: 8.549 Thread 0x000002197fbbf000 DEOPT UNPACKING pc=0x0000021904e568af sp=0x0000007ab94fd180 mode 2

Classes redefined (0 events):
No events

Internal exceptions (20 events):
Event: 3.934 Thread 0x000002197fbbf000 Exception <a 'java/lang/NoSuchMethodError'{0x000000074d665f00}: 'java.lang.Object java.lang.invoke.DirectMethodHandle$Holder.invokeSpecial(java.lang.Object, java.lang.Object, java.lang.Object, java.lang.Object, java.lang.Object, java.lang.Object, int)'> (0x000000074d665f00) thrown at [./src/hotspot/share/interpreter/linkResolver.cpp, line 773]
Event: 4.282 Thread 0x000002197fbbf000 Exception <a 'java/lang/NoSuchMethodError'{0x000000074c52c750}: 'java.lang.Object java.lang.invoke.DirectMethodHandle$Holder.invokeStaticInit(java.lang.Object, java.lang.Object, java.lang.Object)'> (0x000000074c52c750) thrown at [./src/hotspot/share/interpreter/linkResolver.cpp, line 773]
Event: 4.937 Thread 0x000002197fbbf000 Exception <a 'java/lang/NoSuchMethodError'{0x000000074f2f84a8}: 'int java.lang.invoke.DirectMethodHandle$Holder.invokeInterface(java.lang.Object, java.lang.Object)'> (0x000000074f2f84a8) thrown at [./src/hotspot/share/interpreter/linkResolver.cpp, line 773]
Event: 5.090 Thread 0x000002197fbbf000 Exception <a 'java/lang/NoSuchMethodError'{0x000000074dab5c08}: 'java.lang.Object java.lang.invoke.Invokers$Holder.linkToTargetMethod(java.lang.Object, java.lang.Object, java.lang.Object, int, int, java.lang.Object)'> (0x000000074dab5c08) thrown at [./src/hotspot/share/interpreter/linkResolver.cpp, line 773]
Event: 5.103 Thread 0x000002197fbbf000 Exception <a 'java/lang/NoSuchMethodError'{0x000000074d903618}: 'java.lang.Object java.lang.invoke.Invokers$Holder.linkToTargetMethod(java.lang.Object, java.lang.Object, java.lang.Object, java.lang.Object, java.lang.Object, java.lang.Object)'> (0x000000074d903618) thrown at [./src/hotspot/share/interpreter/linkResolver.cpp, line 773]
Event: 5.166 Thread 0x000002197fbbf000 Exception <a 'java/lang/NoSuchMethodError'{0x000000074d8a0c80}: 'int java.lang.invoke.DirectMethodHandle$Holder.invokeStaticInit(java.lang.Object, int)'> (0x000000074d8a0c80) thrown at [./src/hotspot/share/interpreter/linkResolver.cpp, line 773]
Event: 5.223 Thread 0x000002197fbbf000 Implicit null exception at 0x000002190ca285cc to 0x000002190ca286b4
Event: 5.334 Thread 0x000002197fbbf000 Implicit null exception at 0x000002190cba5ab6 to 0x000002190cba5d60
Event: 5.334 Thread 0x000002197fbbf000 Implicit null exception at 0x000002190ca0f943 to 0x000002190ca0fac8
Event: 5.362 Thread 0x000002197fbbf000 Implicit null exception at 0x000002190c959978 to 0x000002190c959a0a
Event: 5.648 Thread 0x000002197fbbf000 Exception <a 'java/lang/NoSuchMethodError'{0x000000074c95a4e0}: 'java.lang.Object java.lang.invoke.DirectMethodHandle$Holder.invokeInterface(java.lang.Object, java.lang.Object, java.lang.Object)'> (0x000000074c95a4e0) thrown at [./src/hotspot/share/interpreter/linkResolver.cpp, line 773]
Event: 5.657 Thread 0x000002197fbbf000 Exception <a 'java/lang/IncompatibleClassChangeError'{0x000000074c9b3950}: Found class java.lang.Object, but interface was expected> (0x000000074c9b3950) thrown at [./src/hotspot/share/interpreter/linkResolver.cpp, line 839]
Event: 5.721 Thread 0x000002197fbbf000 Implicit null exception at 0x000002190c956375 to 0x000002190c956558
Event: 6.073 Thread 0x000002197fbbf000 Exception <a 'java/lang/NoSuchMethodError'{0x000000074ffeb9a8}: 'java.lang.Object java.lang.invoke.DirectMethodHandle$Holder.invokeStatic(java.lang.Object, int, java.lang.Object, java.lang.Object)'> (0x000000074ffeb9a8) thrown at [./src/hotspot/share/interpreter/linkResolver.cpp, line 773]
Event: 6.267 Thread 0x000002197fbbf000 Implicit null exception at 0x000002190cc7f2fc to 0x000002190cc8063c
Event: 6.767 Thread 0x000002197fbbf000 Implicit null exception at 0x000002190cc82ef9 to 0x000002190cc831e0
Event: 7.278 Thread 0x000002197fbbf000 Exception <a 'java/lang/NoSuchMethodError'{0x000000074e9a28d0}: 'java.lang.Object java.lang.invoke.Invokers$Holder.linkToTargetMethod(java.lang.Object, java.lang.Object, java.lang.Object, java.lang.Object, java.lang.Object, java.lang.Object, java.lang.Object)'> (0x000000074e9a28d0) thrown at [./src/hotspot/share/interpreter/linkResolver.cpp, line 773]
Event: 7.624 Thread 0x000002197fbbf000 Exception <a 'java/lang/NoSuchMethodError'{0x000000074dcbc6b0}: 'java.lang.Object java.lang.invoke.DirectMethodHandle$Holder.invokeStaticInit(java.lang.Object, java.lang.Object, java.lang.Object, java.lang.Object)'> (0x000000074dcbc6b0) thrown at [./src/hotspot/share/interpreter/linkResolver.cpp, line 773]
Event: 7.827 Thread 0x000002197fbbf000 Exception <a 'java/lang/NoSuchMethodError'{0x000000074cf73a68}: 'int java.lang.invoke.DirectMethodHandle$Holder.invokeStaticInit(java.lang.Object, java.lang.Object, java.lang.Object, java.lang.Object)'> (0x000000074cf73a68) thrown at [./src/hotspot/share/interpreter/linkResolver.cpp, line 773]
Event: 7.976 Thread 0x000002197fbbf000 Implicit null exception at 0x000002190c9631f4 to 0x000002190c963424

Events (20 events):
Event: 8.470 loading class org/jetbrains/kotlin/ir/expressions/IrStatementOrigin$GET_ARRAY_ELEMENT
Event: 8.470 loading class org/jetbrains/kotlin/ir/expressions/IrStatementOrigin$GET_ARRAY_ELEMENT done
Event: 8.471 loading class org/jetbrains/kotlin/psi2ir/intermediate/AccessorPropertyLValue
Event: 8.471 loading class org/jetbrains/kotlin/psi2ir/intermediate/AccessorPropertyLValue done
Event: 8.471 loading class org/jetbrains/kotlin/psi2ir/intermediate/PropertyLValueBase
Event: 8.471 loading class org/jetbrains/kotlin/psi2ir/intermediate/PropertyLValueBase done
Event: 8.472 loading class org/jetbrains/kotlin/psi2ir/intermediate/AccessorPropertyLValue$store$1
Event: 8.472 loading class org/jetbrains/kotlin/psi2ir/intermediate/AccessorPropertyLValue$store$1 done
Event: 8.477 loading class org/jetbrains/kotlin/ir/expressions/IrConstKind$Boolean
Event: 8.477 loading class org/jetbrains/kotlin/ir/expressions/IrConstKind$Boolean done
Event: 8.481 Executing VM operation: G1CollectForAllocation
Event: 8.504 Executing VM operation: G1CollectForAllocation done
Event: 8.506 loading class org/jetbrains/kotlin/psi/synthetics/SyntheticClassOrObjectDescriptor
Event: 8.506 loading class org/jetbrains/kotlin/psi/synthetics/SyntheticClassOrObjectDescriptor done
Event: 8.508 loading class org/jetbrains/kotlin/backend/jvm/serialization/JvmIdSignatureDescriptor$JvmDescriptorBasedSignatureBuilder$keepTrackOfOverridesForPossiblyClashingFakeOverride$$inlined$sortedBy$1
Event: 8.508 loading class org/jetbrains/kotlin/backend/jvm/serialization/JvmIdSignatureDescriptor$JvmDescriptorBasedSignatureBuilder$keepTrackOfOverridesForPossiblyClashingFakeOverride$$inlined$sortedBy$1 done
Event: 8.510 loading class org/jetbrains/kotlin/ir/util/IdSignature$SpecialFakeOverrideSignature
Event: 8.510 loading class org/jetbrains/kotlin/ir/util/IdSignature$SpecialFakeOverrideSignature done
Event: 8.535 loading class org/jetbrains/kotlin/ir/expressions/IrConstKind$Long
Event: 8.535 loading class org/jetbrains/kotlin/ir/expressions/IrConstKind$Long done


Dynamic libraries:
0x00007ff65a690000 - 0x00007ff65a69a000 	F:\Utility\Android studio\jre\bin\java.exe
0x00007ffada340000 - 0x00007ffada549000 	C:\WINDOWS\SYSTEM32\ntdll.dll
0x00007ffad8200000 - 0x00007ffad82bd000 	C:\WINDOWS\System32\KERNEL32.DLL
0x00007ffad7bb0000 - 0x00007ffad7f24000 	C:\WINDOWS\System32\KERNELBASE.dll
0x00007ffad7fd0000 - 0x00007ffad80e1000 	C:\WINDOWS\System32\ucrtbase.dll
0x00007ffab9c00000 - 0x00007ffab9c19000 	F:\Utility\Android studio\jre\bin\jli.dll
0x00007ffab6070000 - 0x00007ffab6087000 	F:\Utility\Android studio\jre\bin\VCRUNTIME140.dll
0x00007ffad9200000 - 0x00007ffad93ac000 	C:\WINDOWS\System32\USER32.dll
0x00007ffab3790000 - 0x00007ffab3a35000 	C:\WINDOWS\WinSxS\amd64_microsoft.windows.common-controls_6595b64144ccf1df_6.0.22000.120_none_9d947278b86cc467\COMCTL32.dll
0x00007ffad80f0000 - 0x00007ffad8116000 	C:\WINDOWS\System32\win32u.dll
0x00007ffad9690000 - 0x00007ffad9733000 	C:\WINDOWS\System32\msvcrt.dll
0x00007ffad91d0000 - 0x00007ffad91f9000 	C:\WINDOWS\System32\GDI32.dll
0x00007ffad7a10000 - 0x00007ffad7b22000 	C:\WINDOWS\System32\gdi32full.dll
0x00007ffad7f30000 - 0x00007ffad7fcd000 	C:\WINDOWS\System32\msvcp_win.dll
0x00007ffada1a0000 - 0x00007ffada1d1000 	C:\WINDOWS\System32\IMM32.DLL
0x00007ffab31a0000 - 0x00007ffab323d000 	F:\Utility\Android studio\jre\bin\msvcp140.dll
0x00007ffa6cae0000 - 0x00007ffa6d5b5000 	F:\Utility\Android studio\jre\bin\server\jvm.dll
0x00007ffad8a80000 - 0x00007ffad8b2e000 	C:\WINDOWS\System32\ADVAPI32.dll
0x00007ffad93b0000 - 0x00007ffad944e000 	C:\WINDOWS\System32\sechost.dll
0x00007ffada1e0000 - 0x00007ffada300000 	C:\WINDOWS\System32\RPCRT4.dll
0x00007ffad8a70000 - 0x00007ffad8a78000 	C:\WINDOWS\System32\PSAPI.DLL
0x00007ffad1c30000 - 0x00007ffad1c63000 	C:\WINDOWS\SYSTEM32\WINMM.dll
0x00007ffad2cb0000 - 0x00007ffad2cb9000 	C:\WINDOWS\SYSTEM32\WSOCK32.dll
0x00007ffacf480000 - 0x00007ffacf48a000 	C:\WINDOWS\SYSTEM32\VERSION.dll
0x00007ffad9910000 - 0x00007ffad997f000 	C:\WINDOWS\System32\WS2_32.dll
0x00007ffad68f0000 - 0x00007ffad6908000 	C:\WINDOWS\SYSTEM32\kernel.appcore.dll
0x00007ffacf140000 - 0x00007ffacf151000 	F:\Utility\Android studio\jre\bin\verify.dll
0x00007ffad5110000 - 0x00007ffad5331000 	C:\WINDOWS\SYSTEM32\DBGHELP.DLL
0x00007ffaceda0000 - 0x00007ffacedd1000 	C:\WINDOWS\SYSTEM32\dbgcore.DLL
0x00007ffad7b30000 - 0x00007ffad7baf000 	C:\WINDOWS\System32\bcryptPrimitives.dll
0x00007fface410000 - 0x00007fface439000 	F:\Utility\Android studio\jre\bin\java.dll
0x00007ffad2240000 - 0x00007ffad224b000 	F:\Utility\Android studio\jre\bin\jimage.dll
0x00007ffacd5d0000 - 0x00007ffacd5e8000 	F:\Utility\Android studio\jre\bin\zip.dll
0x00007ffad82c0000 - 0x00007ffad8a6e000 	C:\WINDOWS\System32\SHELL32.dll
0x00007ffad5960000 - 0x00007ffad61c8000 	C:\WINDOWS\SYSTEM32\windows.storage.dll
0x00007ffad9980000 - 0x00007ffad9cf8000 	C:\WINDOWS\System32\combase.dll
0x00007ffad57f0000 - 0x00007ffad5956000 	C:\WINDOWS\SYSTEM32\wintypes.dll
0x00007ffad97c0000 - 0x00007ffad98aa000 	C:\WINDOWS\System32\SHCORE.dll
0x00007ffad98b0000 - 0x00007ffad990d000 	C:\WINDOWS\System32\shlwapi.dll
0x00007ffad7760000 - 0x00007ffad7781000 	C:\WINDOWS\SYSTEM32\profapi.dll
0x00007ffaccb40000 - 0x00007ffaccb5a000 	F:\Utility\Android studio\jre\bin\net.dll
0x00007ffad2350000 - 0x00007ffad245c000 	C:\WINDOWS\SYSTEM32\WINHTTP.dll
0x00007ffad6e00000 - 0x00007ffad6e67000 	C:\WINDOWS\system32\mswsock.dll
0x00007ffaca320000 - 0x00007ffaca334000 	F:\Utility\Android studio\jre\bin\nio.dll

dbghelp: loaded successfully - version: 4.0.5 - missing functions: none
symbol engine: initialized successfully - sym options: 0x614 - pdb path: .;F:\Utility\Android studio\jre\bin;C:\WINDOWS\SYSTEM32;C:\WINDOWS\WinSxS\amd64_microsoft.windows.common-controls_6595b64144ccf1df_6.0.22000.120_none_9d947278b86cc467;F:\Utility\Android studio\jre\bin\server

VM Arguments:
java_command: org.jetbrains.kotlin.cli.jvm.K2JVMCompiler @F:\Development\Devoloper\Project\Android\Retrofit\app\build\20220316_10761092045432236317.compiler.options
java_class_path (initial): C:\Users\Overlay\.gradle\caches\modules-2\files-2.1\org.jetbrains.kotlin\kotlin-compiler-embeddable\1.6.0\aa8da3bedc53c89219b84a0b40c7419431a13e76\kotlin-compiler-embeddable-1.6.0.jar;C:\Users\Overlay\.gradle\caches\modules-2\files-2.1\org.jetbrains.kotlin\kotlin-reflect\1.6.0\a215a7f914d5916dc5fd2d45cea16524e0220203\kotlin-reflect-1.6.0.jar;C:\Users\Overlay\.gradle\caches\modules-2\files-2.1\org.jetbrains.kotlin\kotlin-stdlib\1.6.0\a40b8b22529b733892edf4b73468ce598bb17f04\kotlin-stdlib-1.6.0.jar;C:\Users\Overlay\.gradle\caches\modules-2\files-2.1\org.jetbrains.kotlin\kotlin-script-runtime\1.6.0\55f72526ddcff6fc77d72cdf949c7e3d9bd95620\kotlin-script-runtime-1.6.0.jar;C:\Users\Overlay\.gradle\caches\modules-2\files-2.1\org.jetbrains.kotlin\kotlin-daemon-embeddable\1.6.0\d6242b37f4ce6b637d10847c7558446272ec8432\kotlin-daemon-embeddable-1.6.0.jar;C:\Users\Overlay\.gradle\caches\modules-2\files-2.1\org.jetbrains.intellij.deps\trove4j\1.0.20181211\216c2e14b070f334479d800987affe4054cd563f\trove4j-1.0.20181211.jar;C:\Users\Overlay\.gradle\caches\modules-2\files-2.1\net.java.dev.jna\jna\5.6.0\330f2244e9030119ab3030fc3fededc86713d9cc\jna-5.6.0.jar;C:\Users\Overlay\.gradle\caches\modules-2\files-2.1\org.jetbrains\annotations\13.0\919f0dfe192fb4e063e7dacadee7f8bb9a2672a9\annotations-13.0.jar;C:\Users\Overlay\.gradle\caches\modules-2\files-2.1\org.jetbrains.kotlin\kotlin-stdlib-common\1.6.0\7857e365f925cfa060f941c1357cda1f8790502c\kotlin-stdlib-common-1.6.0.jar
Launcher Type: SUN_STANDARD

[Global flags]
     intx CICompilerCount                          = 4                                         {product} {ergonomic}
     uint ConcGCThreads                            = 2                                         {product} {ergonomic}
     uint G1ConcRefinementThreads                  = 8                                         {product} {ergonomic}
   size_t G1HeapRegionSize                         = 1048576                                   {product} {ergonomic}
    uintx GCDrainStackTargetSize                   = 64                                        {product} {ergonomic}
   size_t InitialHeapSize                          = 199229440                                 {product} {ergonomic}
   size_t MarkStackSize                            = 4194304                                   {product} {ergonomic}
   size_t MaxHeapSize                              = 3181379584                                {product} {ergonomic}
   size_t MaxNewSize                               = 1908408320                                {product} {ergonomic}
   size_t MinHeapDeltaBytes                        = 1048576                                   {product} {ergonomic}
    uintx NonNMethodCodeHeapSize                   = 5836300                                {pd product} {ergonomic}
    uintx NonProfiledCodeHeapSize                  = 122910970                              {pd product} {ergonomic}
    uintx ProfiledCodeHeapSize                     = 122910970                              {pd product} {ergonomic}
    uintx ReservedCodeCacheSize                    = 251658240                              {pd product} {ergonomic}
     bool SegmentedCodeCache                       = true                                      {product} {ergonomic}
     bool UseCompressedClassPointers               = true                                 {lp64_product} {ergonomic}
     bool UseCompressedOops                        = true                                 {lp64_product} {ergonomic}
     bool UseG1GC                                  = true                                      {product} {ergonomic}
     bool UseLargePagesIndividualAllocation        = false                                  {pd product} {ergonomic}

Logging:
Log output configuration:
 #0: stdout all=warning uptime,level,tags
 #1: stderr all=off uptime,level,tags

Environment Variables:
PATH=C:\ProgramData\Oracle\Java\javapath;C:\Program Files (x86)\Common Files\Oracle\Java\javapath;C:\WINDOWS\system32;C:\WINDOWS;C:\WINDOWS\System32\Wbem;C:\WINDOWS\System32\WindowsPowerShell\v1.0\;C:\WINDOWS\System32\OpenSSH\;C:\Program Files\dotnet\;C:\Users\Overlay\AppData\Local\Microsoft\WindowsApps;C:\Users\Overlay\.dotnet\tools;F:\Development\Devoloper\Visual studio\Microsoft VS Code\bin
USERNAME=Overlay
OS=Windows_NT
PROCESSOR_IDENTIFIER=Intel64 Family 6 Model 142 Stepping 10, GenuineIntel



---------------  S Y S T E M  ---------------

OS: Windows 10 , 64 bit Build 22000 (10.0.22000.434)
OS uptime: 6 days 2:06 hours
Hyper-V role detected

CPU:total 8 (initial active 8) (4 cores per cpu, 2 threads per core) family 6 model 142 stepping 10 microcode 0xe0, cmov, cx8, fxsr, mmx, sse, sse2, sse3, ssse3, sse4.1, sse4.2, popcnt, avx, avx2, aes, clmul, erms, 3dnowpref, lzcnt, ht, tsc, tscinvbit, bmi1, bmi2, adx, fma

Memory: 4k page, system-wide physical 12132M (971M free)
TotalPageFile size 32132M (AvailPageFile size 4M)
current process WorkingSet (physical memory assigned to process): 371M, peak: 371M
current process commit charge ("private bytes"): 486M, peak: 487M

vm_info: OpenJDK 64-Bit Server VM (11.0.11+9-b60-7590822) for windows-amd64 JRE (11.0.11+9-b60-7590822), built on Jul 29 2021 21:43:44 by "builder" with MS VC++ 14.0 (VS2015)

END.
